{"C:\\Users\\juanc\\sistema-reservas\\src\\models\\Reserva.js": {"path":"C:\\Users\\juanc\\sistema-reservas\\src\\models\\Reserva.js","statementMap":{"0":{"start":{"line":5,"column":8},"end":{"line":5,"column":21}},"1":{"start":{"line":6,"column":8},"end":{"line":6,"column":31}},"2":{"start":{"line":7,"column":8},"end":{"line":7,"column":27}},"3":{"start":{"line":8,"column":8},"end":{"line":8,"column":25}},"4":{"start":{"line":9,"column":8},"end":{"line":9,"column":33}},"5":{"start":{"line":10,"column":8},"end":{"line":10,"column":29}},"6":{"start":{"line":16,"column":0},"end":{"line":16,"column":25}}},"fnMap":{"0":{"name":"(anonymous_0)","decl":{"start":{"line":3,"column":4},"end":{"line":3,"column":5}},"loc":{"start":{"line":3,"column":71},"end":{"line":12,"column":5}},"line":3}},"branchMap":{"0":{"loc":{"start":{"line":3,"column":52},"end":{"line":3,"column":69}},"type":"default-arg","locations":[{"start":{"line":3,"column":61},"end":{"line":3,"column":69}}],"line":3}},"s":{"0":7,"1":7,"2":7,"3":7,"4":7,"5":7,"6":1},"f":{"0":7},"b":{"0":[7]},"_coverageSchema":"1a1c01bbd47fc00a2c39e90264f33305004495a9","hash":"367b32b39a60b16b45f36dfe2e8ff8763b3f13c3"}
,"C:\\Users\\juanc\\sistema-reservas\\src\\repositories\\ReservaRepository.js": {"path":"C:\\Users\\juanc\\sistema-reservas\\src\\repositories\\ReservaRepository.js","statementMap":{"0":{"start":{"line":1,"column":16},"end":{"line":1,"column":44}},"1":{"start":{"line":5,"column":8},"end":{"line":5,"column":27}},"2":{"start":{"line":6,"column":8},"end":{"line":6,"column":24}},"3":{"start":{"line":10,"column":24},"end":{"line":16,"column":9}},"4":{"start":{"line":18,"column":8},"end":{"line":18,"column":36}},"5":{"start":{"line":20,"column":8},"end":{"line":20,"column":23}},"6":{"start":{"line":24,"column":8},"end":{"line":24,"column":29}},"7":{"start":{"line":28,"column":8},"end":{"line":28,"column":27}},"8":{"start":{"line":29,"column":8},"end":{"line":29,"column":24}},"9":{"start":{"line":33,"column":8},"end":{"line":33,"column":52}},"10":{"start":{"line":33,"column":39},"end":{"line":33,"column":50}},"11":{"start":{"line":37,"column":24},"end":{"line":37,"column":44}},"12":{"start":{"line":39,"column":8},"end":{"line":41,"column":9}},"13":{"start":{"line":40,"column":12},"end":{"line":40,"column":24}},"14":{"start":{"line":43,"column":8},"end":{"line":43,"column":40}},"15":{"start":{"line":44,"column":8},"end":{"line":44,"column":36}},"16":{"start":{"line":45,"column":8},"end":{"line":45,"column":34}},"17":{"start":{"line":46,"column":8},"end":{"line":46,"column":42}},"18":{"start":{"line":48,"column":8},"end":{"line":48,"column":23}},"19":{"start":{"line":52,"column":24},"end":{"line":52,"column":44}},"20":{"start":{"line":54,"column":8},"end":{"line":56,"column":9}},"21":{"start":{"line":55,"column":12},"end":{"line":55,"column":24}},"22":{"start":{"line":58,"column":8},"end":{"line":58,"column":37}},"23":{"start":{"line":60,"column":8},"end":{"line":60,"column":23}},"24":{"start":{"line":64,"column":0},"end":{"line":64,"column":41}}},"fnMap":{"0":{"name":"(anonymous_0)","decl":{"start":{"line":4,"column":4},"end":{"line":4,"column":5}},"loc":{"start":{"line":4,"column":18},"end":{"line":7,"column":5}},"line":4},"1":{"name":"(anonymous_1)","decl":{"start":{"line":9,"column":4},"end":{"line":9,"column":5}},"loc":{"start":{"line":9,"column":17},"end":{"line":21,"column":5}},"line":9},"2":{"name":"(anonymous_2)","decl":{"start":{"line":23,"column":4},"end":{"line":23,"column":5}},"loc":{"start":{"line":23,"column":19},"end":{"line":25,"column":5}},"line":23},"3":{"name":"(anonymous_3)","decl":{"start":{"line":27,"column":4},"end":{"line":27,"column":5}},"loc":{"start":{"line":27,"column":14},"end":{"line":30,"column":5}},"line":27},"4":{"name":"(anonymous_4)","decl":{"start":{"line":32,"column":4},"end":{"line":32,"column":5}},"loc":{"start":{"line":32,"column":20},"end":{"line":34,"column":5}},"line":32},"5":{"name":"(anonymous_5)","decl":{"start":{"line":33,"column":34},"end":{"line":33,"column":35}},"loc":{"start":{"line":33,"column":39},"end":{"line":33,"column":50}},"line":33},"6":{"name":"(anonymous_6)","decl":{"start":{"line":36,"column":4},"end":{"line":36,"column":5}},"loc":{"start":{"line":36,"column":26},"end":{"line":49,"column":5}},"line":36},"7":{"name":"(anonymous_7)","decl":{"start":{"line":51,"column":4},"end":{"line":51,"column":5}},"loc":{"start":{"line":51,"column":17},"end":{"line":61,"column":5}},"line":51}},"branchMap":{"0":{"loc":{"start":{"line":39,"column":8},"end":{"line":41,"column":9}},"type":"if","locations":[{"start":{"line":39,"column":8},"end":{"line":41,"column":9}},{"start":{},"end":{}}],"line":39},"1":{"loc":{"start":{"line":54,"column":8},"end":{"line":56,"column":9}},"type":"if","locations":[{"start":{"line":54,"column":8},"end":{"line":56,"column":9}},{"start":{},"end":{}}],"line":54}},"s":{"0":1,"1":1,"2":1,"3":7,"4":7,"5":7,"6":9,"7":16,"8":16,"9":12,"10":7,"11":3,"12":3,"13":2,"14":1,"15":1,"16":1,"17":1,"18":1,"19":3,"20":3,"21":1,"22":2,"23":2,"24":1},"f":{"0":1,"1":7,"2":9,"3":16,"4":12,"5":7,"6":3,"7":3},"b":{"0":[2,1],"1":[1,2]},"_coverageSchema":"1a1c01bbd47fc00a2c39e90264f33305004495a9","hash":"babcbe0c189368378862a2d85fa8ff4c95ff98f0"}
,"C:\\Users\\juanc\\sistema-reservas\\src\\services\\ReservaService.js": {"path":"C:\\Users\\juanc\\sistema-reservas\\src\\services\\ReservaService.js","statementMap":{"0":{"start":{"line":1,"column":26},"end":{"line":1,"column":70}},"1":{"start":{"line":7,"column":8},"end":{"line":9,"column":9}},"2":{"start":{"line":8,"column":12},"end":{"line":8,"column":58}},"3":{"start":{"line":11,"column":8},"end":{"line":13,"column":9}},"4":{"start":{"line":12,"column":12},"end":{"line":12,"column":59}},"5":{"start":{"line":15,"column":8},"end":{"line":17,"column":9}},"6":{"start":{"line":16,"column":12},"end":{"line":16,"column":56}},"7":{"start":{"line":19,"column":8},"end":{"line":21,"column":9}},"8":{"start":{"line":20,"column":12},"end":{"line":20,"column":55}},"9":{"start":{"line":23,"column":25},"end":{"line":23,"column":57}},"10":{"start":{"line":25,"column":23},"end":{"line":29,"column":9}},"11":{"start":{"line":26,"column":12},"end":{"line":28,"column":33}},"12":{"start":{"line":31,"column":8},"end":{"line":33,"column":9}},"13":{"start":{"line":32,"column":12},"end":{"line":32,"column":62}},"14":{"start":{"line":35,"column":8},"end":{"line":35,"column":46}},"15":{"start":{"line":40,"column":8},"end":{"line":40,"column":48}},"16":{"start":{"line":45,"column":24},"end":{"line":45,"column":57}},"17":{"start":{"line":47,"column":8},"end":{"line":49,"column":9}},"18":{"start":{"line":48,"column":12},"end":{"line":48,"column":54}},"19":{"start":{"line":51,"column":8},"end":{"line":51,"column":23}},"20":{"start":{"line":57,"column":24},"end":{"line":57,"column":63}},"21":{"start":{"line":59,"column":8},"end":{"line":61,"column":9}},"22":{"start":{"line":60,"column":12},"end":{"line":60,"column":54}},"23":{"start":{"line":63,"column":8},"end":{"line":63,"column":23}},"24":{"start":{"line":69,"column":24},"end":{"line":69,"column":57}},"25":{"start":{"line":71,"column":8},"end":{"line":73,"column":9}},"26":{"start":{"line":72,"column":12},"end":{"line":72,"column":54}},"27":{"start":{"line":75,"column":8},"end":{"line":77,"column":9}},"28":{"start":{"line":76,"column":12},"end":{"line":76,"column":63}},"29":{"start":{"line":79,"column":8},"end":{"line":79,"column":46}},"30":{"start":{"line":85,"column":0},"end":{"line":85,"column":38}}},"fnMap":{"0":{"name":"(anonymous_0)","decl":{"start":{"line":5,"column":4},"end":{"line":5,"column":5}},"loc":{"start":{"line":5,"column":24},"end":{"line":37,"column":5}},"line":5},"1":{"name":"(anonymous_1)","decl":{"start":{"line":25,"column":37},"end":{"line":25,"column":38}},"loc":{"start":{"line":26,"column":12},"end":{"line":28,"column":33}},"line":26},"2":{"name":"(anonymous_2)","decl":{"start":{"line":39,"column":4},"end":{"line":39,"column":5}},"loc":{"start":{"line":39,"column":22},"end":{"line":41,"column":5}},"line":39},"3":{"name":"(anonymous_3)","decl":{"start":{"line":43,"column":4},"end":{"line":43,"column":5}},"loc":{"start":{"line":43,"column":22},"end":{"line":53,"column":5}},"line":43},"4":{"name":"(anonymous_4)","decl":{"start":{"line":55,"column":4},"end":{"line":55,"column":5}},"loc":{"start":{"line":55,"column":33},"end":{"line":65,"column":5}},"line":55},"5":{"name":"(anonymous_5)","decl":{"start":{"line":67,"column":4},"end":{"line":67,"column":5}},"loc":{"start":{"line":67,"column":24},"end":{"line":81,"column":5}},"line":67}},"branchMap":{"0":{"loc":{"start":{"line":7,"column":8},"end":{"line":9,"column":9}},"type":"if","locations":[{"start":{"line":7,"column":8},"end":{"line":9,"column":9}},{"start":{},"end":{}}],"line":7},"1":{"loc":{"start":{"line":7,"column":12},"end":{"line":7,"column":57}},"type":"binary-expr","locations":[{"start":{"line":7,"column":12},"end":{"line":7,"column":26}},{"start":{"line":7,"column":30},"end":{"line":7,"column":57}}],"line":7},"2":{"loc":{"start":{"line":11,"column":8},"end":{"line":13,"column":9}},"type":"if","locations":[{"start":{"line":11,"column":8},"end":{"line":13,"column":9}},{"start":{},"end":{}}],"line":11},"3":{"loc":{"start":{"line":11,"column":12},"end":{"line":11,"column":59}},"type":"binary-expr","locations":[{"start":{"line":11,"column":12},"end":{"line":11,"column":27}},{"start":{"line":11,"column":31},"end":{"line":11,"column":59}}],"line":11},"4":{"loc":{"start":{"line":15,"column":8},"end":{"line":17,"column":9}},"type":"if","locations":[{"start":{"line":15,"column":8},"end":{"line":17,"column":9}},{"start":{},"end":{}}],"line":15},"5":{"loc":{"start":{"line":19,"column":8},"end":{"line":21,"column":9}},"type":"if","locations":[{"start":{"line":19,"column":8},"end":{"line":21,"column":9}},{"start":{},"end":{}}],"line":19},"6":{"loc":{"start":{"line":26,"column":12},"end":{"line":28,"column":33}},"type":"binary-expr","locations":[{"start":{"line":26,"column":12},"end":{"line":26,"column":35}},{"start":{"line":27,"column":12},"end":{"line":27,"column":33}},{"start":{"line":28,"column":12},"end":{"line":28,"column":33}}],"line":26},"7":{"loc":{"start":{"line":31,"column":8},"end":{"line":33,"column":9}},"type":"if","locations":[{"start":{"line":31,"column":8},"end":{"line":33,"column":9}},{"start":{},"end":{}}],"line":31},"8":{"loc":{"start":{"line":47,"column":8},"end":{"line":49,"column":9}},"type":"if","locations":[{"start":{"line":47,"column":8},"end":{"line":49,"column":9}},{"start":{},"end":{}}],"line":47},"9":{"loc":{"start":{"line":59,"column":8},"end":{"line":61,"column":9}},"type":"if","locations":[{"start":{"line":59,"column":8},"end":{"line":61,"column":9}},{"start":{},"end":{}}],"line":59},"10":{"loc":{"start":{"line":71,"column":8},"end":{"line":73,"column":9}},"type":"if","locations":[{"start":{"line":71,"column":8},"end":{"line":73,"column":9}},{"start":{},"end":{}}],"line":71},"11":{"loc":{"start":{"line":75,"column":8},"end":{"line":77,"column":9}},"type":"if","locations":[{"start":{"line":75,"column":8},"end":{"line":77,"column":9}},{"start":{},"end":{}}],"line":75}},"s":{"0":1,"1":12,"2":1,"3":11,"4":1,"5":10,"6":1,"7":9,"8":1,"9":8,"10":8,"11":1,"12":8,"13":1,"14":7,"15":1,"16":2,"17":2,"18":1,"19":1,"20":2,"21":2,"22":1,"23":1,"24":4,"25":4,"26":1,"27":3,"28":1,"29":2,"30":1},"f":{"0":12,"1":1,"2":1,"3":2,"4":2,"5":4},"b":{"0":[1,11],"1":[12,11],"2":[1,10],"3":[11,10],"4":[1,9],"5":[1,8],"6":[1,1,1],"7":[1,7],"8":[1,1],"9":[1,1],"10":[1,3],"11":[1,2]},"_coverageSchema":"1a1c01bbd47fc00a2c39e90264f33305004495a9","hash":"f0ed641c8ea710e5192b489d2f0841a3fa2a5525"}
}
