TN:
SF:src\models\Reserva.js
FN:3,(anonymous_0)
FNF:1
FNH:1
FNDA:7,(anonymous_0)
DA:5,7
DA:6,7
DA:7,7
DA:8,7
DA:9,7
DA:10,7
DA:16,1
LF:7
LH:7
BRDA:3,0,0,7
BRF:1
BRH:1
end_of_record
TN:
SF:src\repositories\ReservaRepository.js
FN:4,(anonymous_0)
FN:9,(anonymous_1)
FN:23,(anonymous_2)
FN:27,(anonymous_3)
FN:32,(anonymous_4)
FN:33,(anonymous_5)
FN:36,(anonymous_6)
FN:51,(anonymous_7)
FNF:8
FNH:8
FNDA:1,(anonymous_0)
FNDA:7,(anonymous_1)
FNDA:9,(anonymous_2)
FNDA:16,(anonymous_3)
FNDA:12,(anonymous_4)
FNDA:7,(anonymous_5)
FNDA:3,(anonymous_6)
FNDA:3,(anonymous_7)
DA:1,1
DA:5,1
DA:6,1
DA:10,7
DA:18,7
DA:20,7
DA:24,9
DA:28,16
DA:29,16
DA:33,12
DA:37,3
DA:39,3
DA:40,2
DA:43,1
DA:44,1
DA:45,1
DA:46,1
DA:48,1
DA:52,3
DA:54,3
DA:55,1
DA:58,2
DA:60,2
DA:64,1
LF:24
LH:24
BRDA:39,0,0,2
BRDA:39,0,1,1
BRDA:54,1,0,1
BRDA:54,1,1,2
BRF:4
BRH:4
end_of_record
TN:
SF:src\services\ReservaService.js
FN:5,(anonymous_0)
FN:25,(anonymous_1)
FN:39,(anonymous_2)
FN:43,(anonymous_3)
FN:55,(anonymous_4)
FN:67,(anonymous_5)
FNF:6
FNH:6
FNDA:12,(anonymous_0)
FNDA:1,(anonymous_1)
FNDA:1,(anonymous_2)
FNDA:2,(anonymous_3)
FNDA:2,(anonymous_4)
FNDA:4,(anonymous_5)
DA:1,1
DA:7,12
DA:8,1
DA:11,11
DA:12,1
DA:15,10
DA:16,1
DA:19,9
DA:20,1
DA:23,8
DA:25,8
DA:26,1
DA:31,8
DA:32,1
DA:35,7
DA:40,1
DA:45,2
DA:47,2
DA:48,1
DA:51,1
DA:57,2
DA:59,2
DA:60,1
DA:63,1
DA:69,4
DA:71,4
DA:72,1
DA:75,3
DA:76,1
DA:79,2
DA:85,1
LF:31
LH:31
BRDA:7,0,0,1
BRDA:7,0,1,11
BRDA:7,1,0,12
BRDA:7,1,1,11
BRDA:11,2,0,1
BRDA:11,2,1,10
BRDA:11,3,0,11
BRDA:11,3,1,10
BRDA:15,4,0,1
BRDA:15,4,1,9
BRDA:19,5,0,1
BRDA:19,5,1,8
BRDA:26,6,0,1
BRDA:26,6,1,1
BRDA:26,6,2,1
BRDA:31,7,0,1
BRDA:31,7,1,7
BRDA:47,8,0,1
BRDA:47,8,1,1
BRDA:59,9,0,1
BRDA:59,9,1,1
BRDA:71,10,0,1
BRDA:71,10,1,3
BRDA:75,11,0,1
BRDA:75,11,1,2
BRF:25
BRH:25
end_of_record
